<?xml version="1.0" encoding="UTF-8"?>
<!-- Generated by org.testng.reporters.JUnitReportReporter -->
<testsuite skipped="0" hostname="DESKTOP-ET2F06N" name="CurrentWeatherAPI" tests="9" failures="0" timestamp="24 Apr 2017 18:54:26 GMT" time="3.814" errors="0">
  <testcase name="testGetByZipCode_Valid" time="0.147" classname="CurrentWeatherAPI"/>
  <testcase name="testGetByZipCode_GeoCoordinates" time="0.113" classname="CurrentWeatherAPI"/>
  <testcase name="testGetByCityID_ResponseStructure" time="0.129" classname="CurrentWeatherAPI"/>
  <testcase name="testGetByCitiesInCycle_NearestCities" time="0.143" classname="CurrentWeatherAPI"/>
  <testcase name="testGetByCitiesInCycle_MaxCnt" time="2.676" classname="CurrentWeatherAPI"/>
  <testcase name="testGetByCityID_Invalid" time="0.192" classname="CurrentWeatherAPI"/>
  <testcase name="testGetByCityID_Valid" time="0.161" classname="CurrentWeatherAPI"/>
  <testcase name="testGetByCitiesInCycle_ResponseLength" time="0.123" classname="CurrentWeatherAPI"/>
  <testcase name="testGetByZipCode_ResponseTime" time="0.130" classname="CurrentWeatherAPI"/>
</testsuite> <!-- CurrentWeatherAPI -->
